  UITreeView.cpp
e:\资源\ctf\逆向\scx\duilib\control\uitreeview.cpp(1): fatal error C1853: “.\Build\Release/DuiLib.pch”预编译头文件来自编译器的早期版本，或者预编译头为 C++ 而在 C 中使用它(或相反)
  UIlib.cpp
e:\资源\ctf\逆向\scx\duilib\uilib.cpp(50): fatal error C1853: “.\Build\Release/DuiLib.pch”预编译头文件来自编译器的早期版本，或者预编译头为 C++ 而在 C 中使用它(或相反)
  WinImplBase.cpp
e:\资源\ctf\逆向\scx\duilib\utils\winimplbase.cpp(1): fatal error C1853: “.\Build\Release/DuiLib.pch”预编译头文件来自编译器的早期版本，或者预编译头为 C++ 而在 C 中使用它(或相反)
  UIDelegate.cpp
e:\资源\ctf\逆向\scx\duilib\utils\uidelegate.cpp(1): fatal error C1853: “.\Build\Release/DuiLib.pch”预编译头文件来自编译器的早期版本，或者预编译头为 C++ 而在 C 中使用它(或相反)
  Utils.cpp
e:\资源\ctf\逆向\scx\duilib\utils\utils.cpp(1): fatal error C1853: “.\Build\Release/DuiLib.pch”预编译头文件来自编译器的早期版本，或者预编译头为 C++ 而在 C 中使用它(或相反)
  WndShadow.cpp
e:\资源\ctf\逆向\scx\duilib\utils\wndshadow.cpp(29): fatal error C1853: “.\Build\Release/DuiLib.pch”预编译头文件来自编译器的早期版本，或者预编译头为 C++ 而在 C 中使用它(或相反)
  UIBase.cpp
e:\资源\ctf\逆向\scx\duilib\core\uibase.cpp(1): fatal error C1853: “.\Build\Release/DuiLib.pch”预编译头文件来自编译器的早期版本，或者预编译头为 C++ 而在 C 中使用它(或相反)
  UIContainer.cpp
e:\资源\ctf\逆向\scx\duilib\core\uicontainer.cpp(1): fatal error C1853: “.\Build\Release/DuiLib.pch”预编译头文件来自编译器的早期版本，或者预编译头为 C++ 而在 C 中使用它(或相反)
  UIControl.cpp
e:\资源\ctf\逆向\scx\duilib\core\uicontrol.cpp(1): fatal error C1853: “.\Build\Release/DuiLib.pch”预编译头文件来自编译器的早期版本，或者预编译头为 C++ 而在 C 中使用它(或相反)
  UIDlgBuilder.cpp
e:\资源\ctf\逆向\scx\duilib\core\uidlgbuilder.cpp(1): fatal error C1853: “.\Build\Release/DuiLib.pch”预编译头文件来自编译器的早期版本，或者预编译头为 C++ 而在 C 中使用它(或相反)
  UIManager.cpp
e:\资源\ctf\逆向\scx\duilib\core\uimanager.cpp(1): fatal error C1853: “.\Build\Release/DuiLib.pch”预编译头文件来自编译器的早期版本，或者预编译头为 C++ 而在 C 中使用它(或相反)
  UIMarkup.cpp
e:\资源\ctf\逆向\scx\duilib\core\uimarkup.cpp(1): fatal error C1853: “.\Build\Release/DuiLib.pch”预编译头文件来自编译器的早期版本，或者预编译头为 C++ 而在 C 中使用它(或相反)
  UIRender.cpp
e:\资源\ctf\逆向\scx\duilib\core\uirender.cpp(1): fatal error C1853: “.\Build\Release/DuiLib.pch”预编译头文件来自编译器的早期版本，或者预编译头为 C++ 而在 C 中使用它(或相反)
  UIChildLayout.cpp
e:\资源\ctf\逆向\scx\duilib\layout\uichildlayout.cpp(1): fatal error C1853: “.\Build\Release/DuiLib.pch”预编译头文件来自编译器的早期版本，或者预编译头为 C++ 而在 C 中使用它(或相反)
  UIHorizontalLayout.cpp
e:\资源\ctf\逆向\scx\duilib\layout\uihorizontallayout.cpp(1): fatal error C1853: “.\Build\Release/DuiLib.pch”预编译头文件来自编译器的早期版本，或者预编译头为 C++ 而在 C 中使用它(或相反)
  UITabLayout.cpp
e:\资源\ctf\逆向\scx\duilib\layout\uitablayout.cpp(1): fatal error C1853: “.\Build\Release/DuiLib.pch”预编译头文件来自编译器的早期版本，或者预编译头为 C++ 而在 C 中使用它(或相反)
  UITileLayout.cpp
e:\资源\ctf\逆向\scx\duilib\layout\uitilelayout.cpp(1): fatal error C1853: “.\Build\Release/DuiLib.pch”预编译头文件来自编译器的早期版本，或者预编译头为 C++ 而在 C 中使用它(或相反)
  UIVerticalLayout.cpp
e:\资源\ctf\逆向\scx\duilib\layout\uiverticallayout.cpp(1): fatal error C1853: “.\Build\Release/DuiLib.pch”预编译头文件来自编译器的早期版本，或者预编译头为 C++ 而在 C 中使用它(或相反)
  UIActiveX.cpp
e:\资源\ctf\逆向\scx\duilib\control\uiactivex.cpp(1): fatal error C1853: “.\Build\Release/DuiLib.pch”预编译头文件来自编译器的早期版本，或者预编译头为 C++ 而在 C 中使用它(或相反)
  UIButton.cpp
e:\资源\ctf\逆向\scx\duilib\control\uibutton.cpp(1): fatal error C1853: “.\Build\Release/DuiLib.pch”预编译头文件来自编译器的早期版本，或者预编译头为 C++ 而在 C 中使用它(或相反)
  正在生成代码...
  正在编译...
  UICheckBox.cpp
e:\资源\ctf\逆向\scx\duilib\control\uicheckbox.cpp(1): fatal error C1853: “.\Build\Release/DuiLib.pch”预编译头文件来自编译器的早期版本，或者预编译头为 C++ 而在 C 中使用它(或相反)
  UICombo.cpp
e:\资源\ctf\逆向\scx\duilib\control\uicombo.cpp(1): fatal error C1853: “.\Build\Release/DuiLib.pch”预编译头文件来自编译器的早期版本，或者预编译头为 C++ 而在 C 中使用它(或相反)
  UIDateTime.cpp
e:\资源\ctf\逆向\scx\duilib\control\uidatetime.cpp(1): fatal error C1853: “.\Build\Release/DuiLib.pch”预编译头文件来自编译器的早期版本，或者预编译头为 C++ 而在 C 中使用它(或相反)
  UIEdit.cpp
e:\资源\ctf\逆向\scx\duilib\control\uiedit.cpp(1): fatal error C1853: “.\Build\Release/DuiLib.pch”预编译头文件来自编译器的早期版本，或者预编译头为 C++ 而在 C 中使用它(或相反)
  UIGifAnim.cpp
e:\资源\ctf\逆向\scx\duilib\control\uigifanim.cpp(1): fatal error C1853: “.\Build\Release/DuiLib.pch”预编译头文件来自编译器的早期版本，或者预编译头为 C++ 而在 C 中使用它(或相反)
  UILabel.cpp
e:\资源\ctf\逆向\scx\duilib\control\uilabel.cpp(1): fatal error C1853: “.\Build\Release/DuiLib.pch”预编译头文件来自编译器的早期版本，或者预编译头为 C++ 而在 C 中使用它(或相反)
  UIList.cpp
e:\资源\ctf\逆向\scx\duilib\control\uilist.cpp(1): fatal error C1853: “.\Build\Release/DuiLib.pch”预编译头文件来自编译器的早期版本，或者预编译头为 C++ 而在 C 中使用它(或相反)
  UIOption.cpp
e:\资源\ctf\逆向\scx\duilib\control\uioption.cpp(1): fatal error C1853: “.\Build\Release/DuiLib.pch”预编译头文件来自编译器的早期版本，或者预编译头为 C++ 而在 C 中使用它(或相反)
  UIProgress.cpp
e:\资源\ctf\逆向\scx\duilib\control\uiprogress.cpp(1): fatal error C1853: “.\Build\Release/DuiLib.pch”预编译头文件来自编译器的早期版本，或者预编译头为 C++ 而在 C 中使用它(或相反)
  UIRichEdit.cpp
e:\资源\ctf\逆向\scx\duilib\control\uirichedit.cpp(1): fatal error C1853: “.\Build\Release/DuiLib.pch”预编译头文件来自编译器的早期版本，或者预编译头为 C++ 而在 C 中使用它(或相反)
  UIScrollBar.cpp
e:\资源\ctf\逆向\scx\duilib\control\uiscrollbar.cpp(1): fatal error C1853: “.\Build\Release/DuiLib.pch”预编译头文件来自编译器的早期版本，或者预编译头为 C++ 而在 C 中使用它(或相反)
  UISlider.cpp
e:\资源\ctf\逆向\scx\duilib\control\uislider.cpp(1): fatal error C1853: “.\Build\Release/DuiLib.pch”预编译头文件来自编译器的早期版本，或者预编译头为 C++ 而在 C 中使用它(或相反)
  UIText.cpp
e:\资源\ctf\逆向\scx\duilib\control\uitext.cpp(1): fatal error C1853: “.\Build\Release/DuiLib.pch”预编译头文件来自编译器的早期版本，或者预编译头为 C++ 而在 C 中使用它(或相反)
  UIWebBrowser.cpp
e:\资源\ctf\逆向\scx\duilib\control\uiwebbrowser.cpp(1): fatal error C1853: “.\Build\Release/DuiLib.pch”预编译头文件来自编译器的早期版本，或者预编译头为 C++ 而在 C 中使用它(或相反)
  正在生成代码...
