e:\资源\ctf\逆向\scx\duilib\build\release\duilib.pch
e:\资源\ctf\逆向\scx\duilib\x64\release\vc141.pdb
e:\资源\ctf\逆向\scx\duilib\x64\release\stdafx.obj
e:\资源\ctf\逆向\scx\duilib\x64\release\uibutton.obj
e:\资源\ctf\逆向\scx\duilib\x64\release\uiactivex.obj
e:\资源\ctf\逆向\scx\duilib\x64\release\uiverticallayout.obj
e:\资源\ctf\逆向\scx\duilib\x64\release\uitilelayout.obj
e:\资源\ctf\逆向\scx\duilib\x64\release\uitablayout.obj
e:\资源\ctf\逆向\scx\duilib\x64\release\uihorizontallayout.obj
e:\资源\ctf\逆向\scx\duilib\x64\release\uichildlayout.obj
e:\资源\ctf\逆向\scx\duilib\x64\release\uirender.obj
e:\资源\ctf\逆向\scx\duilib\x64\release\uimarkup.obj
e:\资源\ctf\逆向\scx\duilib\x64\release\uimanager.obj
e:\资源\ctf\逆向\scx\duilib\x64\release\uidlgbuilder.obj
e:\资源\ctf\逆向\scx\duilib\x64\release\uicontrol.obj
e:\资源\ctf\逆向\scx\duilib\x64\release\uicontainer.obj
e:\资源\ctf\逆向\scx\duilib\x64\release\uibase.obj
e:\资源\ctf\逆向\scx\duilib\x64\release\wndshadow.obj
e:\资源\ctf\逆向\scx\duilib\x64\release\utils.obj
e:\资源\ctf\逆向\scx\duilib\x64\release\uidelegate.obj
e:\资源\ctf\逆向\scx\duilib\x64\release\winimplbase.obj
e:\资源\ctf\逆向\scx\duilib\x64\release\uilib.obj
e:\资源\ctf\逆向\scx\duilib\x64\release\uitreeview.obj
e:\资源\ctf\逆向\scx\duilib\x64\release\uiwebbrowser.obj
e:\资源\ctf\逆向\scx\duilib\x64\release\uitext.obj
e:\资源\ctf\逆向\scx\duilib\x64\release\uislider.obj
e:\资源\ctf\逆向\scx\duilib\x64\release\uiscrollbar.obj
e:\资源\ctf\逆向\scx\duilib\x64\release\uirichedit.obj
e:\资源\ctf\逆向\scx\duilib\x64\release\uiprogress.obj
e:\资源\ctf\逆向\scx\duilib\x64\release\uioption.obj
e:\资源\ctf\逆向\scx\duilib\x64\release\uilist.obj
e:\资源\ctf\逆向\scx\duilib\x64\release\uilabel.obj
e:\资源\ctf\逆向\scx\duilib\x64\release\uigifanim.obj
e:\资源\ctf\逆向\scx\duilib\x64\release\uiedit.obj
e:\资源\ctf\逆向\scx\duilib\x64\release\uidatetime.obj
e:\资源\ctf\逆向\scx\duilib\x64\release\uicombo.obj
e:\资源\ctf\逆向\scx\duilib\x64\release\uicheckbox.obj
e:\资源\ctf\逆向\scx\duilib\x64\release\stb_image.obj
e:\资源\ctf\逆向\scx\duilib\x64\release\xunzip.obj
e:\资源\ctf\逆向\scx\lib\duilib.lib
e:\资源\ctf\逆向\scx\lib\duilib.exp
e:\资源\ctf\逆向\scx\bin\duilib.dll
e:\资源\ctf\逆向\scx\x64\release\duilib.pdb
e:\资源\ctf\逆向\scx\duilib\x64\release\duilib.tlog\cl.command.1.tlog
e:\资源\ctf\逆向\scx\duilib\x64\release\duilib.tlog\cl.read.1.tlog
e:\资源\ctf\逆向\scx\duilib\x64\release\duilib.tlog\cl.write.1.tlog
e:\资源\ctf\逆向\scx\duilib\x64\release\duilib.tlog\duilib.write.1u.tlog
e:\资源\ctf\逆向\scx\duilib\x64\release\duilib.tlog\link.command.1.tlog
e:\资源\ctf\逆向\scx\duilib\x64\release\duilib.tlog\link.delete.1.tlog
e:\资源\ctf\逆向\scx\duilib\x64\release\duilib.tlog\link.read.1.tlog
e:\资源\ctf\逆向\scx\duilib\x64\release\duilib.tlog\link.write.1.tlog
